<?xml version="1.0" encoding="UTF-8"?>
<!-- Generated by org.testng.reporters.JUnitReportReporter -->
<testsuite skipped="12" hostname="DESKTOP-M3KNQBL" name="CardholderMavenProject.Cardholder" tests="14" failures="0" timestamp="06 Sep 2018 05:01:49 GMT" time="138.864" errors="0">
  <testcase name="Registration" time="0.013" classname="CardholderMavenProject.Cardholder">
    <skipped/>
  </testcase> <!-- Registration -->
  <testcase name="Login" time="0.002" classname="CardholderMavenProject.Cardholder">
    <skipped/>
  </testcase> <!-- Login -->
  <testcase name="Account" time="0.003" classname="CardholderMavenProject.Cardholder">
    <skipped/>
  </testcase> <!-- Account -->
  <testcase name="LoadByBankTransfer" time="0.002" classname="CardholderMavenProject.Cardholder">
    <skipped/>
  </testcase> <!-- LoadByBankTransfer -->
  <testcase name="Profile" time="0.001" classname="CardholderMavenProject.Cardholder">
    <skipped/>
  </testcase> <!-- Profile -->
  <testcase name="Statement" time="0.001" classname="CardholderMavenProject.Cardholder">
    <skipped/>
  </testcase> <!-- Statement -->
  <testcase name="Suspend" time="0.002" classname="CardholderMavenProject.Cardholder">
    <skipped/>
  </testcase> <!-- Suspend -->
  <testcase name="Unload" time="0.002" classname="CardholderMavenProject.Cardholder">
    <skipped/>
  </testcase> <!-- Unload -->
  <testcase name="OrderCardNonEU" time="59.825" classname="CardholderMavenProject.Cardholder"/>
  <testcase name="OrderCardEU" time="78.269" classname="CardholderMavenProject.Cardholder"/>
  <testcase name="LoadByCardEU" time="0.737" classname="CardholderMavenProject.Cardholder">
    <skipped/>
  </testcase> <!-- LoadByCardEU -->
  <testcase name="LoadByCardNonEU" time="0.001" classname="CardholderMavenProject.Cardholder">
    <skipped/>
  </testcase> <!-- LoadByCardNonEU -->
  <testcase name="PIN" time="0.002" classname="CardholderMavenProject.Cardholder">
    <skipped/>
  </testcase> <!-- PIN -->
  <testcase name="ViewImage" time="0.004" classname="CardholderMavenProject.Cardholder">
    <skipped/>
  </testcase> <!-- ViewImage -->
</testsuite> <!-- CardholderMavenProject.Cardholder -->
