<?xml version="1.0" encoding="UTF-8"?>
<!-- Generated by org.testng.reporters.JUnitReportReporter -->
<testsuite skipped="12" hostname="DESKTOP-M3KNQBL" name="CardholderMavenProject.Cardholder" tests="14" failures="0" timestamp="06 Sep 2018 02:38:38 GMT" time="113.582" errors="0">
  <testcase name="Registration" time="0.007" classname="CardholderMavenProject.Cardholder">
    <skipped/>
  </testcase> <!-- Registration -->
  <testcase name="Login" time="30.265" classname="CardholderMavenProject.Cardholder"/>
  <testcase name="Account" time="0.001" classname="CardholderMavenProject.Cardholder">
    <skipped/>
  </testcase> <!-- Account -->
  <testcase name="LoadByBankTransfer" time="0.001" classname="CardholderMavenProject.Cardholder">
    <skipped/>
  </testcase> <!-- LoadByBankTransfer -->
  <testcase name="Profile" time="0.000" classname="CardholderMavenProject.Cardholder">
    <skipped/>
  </testcase> <!-- Profile -->
  <testcase name="Statement" time="0.001" classname="CardholderMavenProject.Cardholder">
    <skipped/>
  </testcase> <!-- Statement -->
  <testcase name="Suspend" time="0.001" classname="CardholderMavenProject.Cardholder">
    <skipped/>
  </testcase> <!-- Suspend -->
  <testcase name="Unload" time="82.647" classname="CardholderMavenProject.Cardholder"/>
  <testcase name="OrderCardNonEU" time="0.653" classname="CardholderMavenProject.Cardholder">
    <skipped/>
  </testcase> <!-- OrderCardNonEU -->
  <testcase name="OrderCardEU" time="0.001" classname="CardholderMavenProject.Cardholder">
    <skipped/>
  </testcase> <!-- OrderCardEU -->
  <testcase name="LoadByCardEU" time="0.001" classname="CardholderMavenProject.Cardholder">
    <skipped/>
  </testcase> <!-- LoadByCardEU -->
  <testcase name="LoadByCardNonEU" time="0.001" classname="CardholderMavenProject.Cardholder">
    <skipped/>
  </testcase> <!-- LoadByCardNonEU -->
  <testcase name="PIN" time="0.001" classname="CardholderMavenProject.Cardholder">
    <skipped/>
  </testcase> <!-- PIN -->
  <testcase name="ViewImage" time="0.002" classname="CardholderMavenProject.Cardholder">
    <skipped/>
  </testcase> <!-- ViewImage -->
</testsuite> <!-- CardholderMavenProject.Cardholder -->
