<?xml version="1.0" encoding="UTF-8"?>
<!-- Generated by org.testng.reporters.JUnitReportReporter -->
<testsuite skipped="9" hostname="DESKTOP-M3KNQBL" name="CardholderMavenProject.Cardholder" tests="11" failures="0" timestamp="02 Aug 2018 09:08:33 GMT" time="176.838" errors="0">
  <testcase name="Login" time="26.230" classname="CardholderMavenProject.Cardholder"/>
  <testcase name="Account" time="0.001" classname="CardholderMavenProject.Cardholder">
    <skipped/>
  </testcase> <!-- Account -->
  <testcase name="LoadByCard" time="1.649" classname="CardholderMavenProject.Cardholder">
    <skipped/>
  </testcase> <!-- LoadByCard -->
  <testcase name="LoadByBankTransfer" time="0.001" classname="CardholderMavenProject.Cardholder">
    <skipped/>
  </testcase> <!-- LoadByBankTransfer -->
  <testcase name="OrderCard" time="0.000" classname="CardholderMavenProject.Cardholder">
    <skipped/>
  </testcase> <!-- OrderCard -->
  <testcase name="PIN" time="0.000" classname="CardholderMavenProject.Cardholder">
    <skipped/>
  </testcase> <!-- PIN -->
  <testcase name="Profile" time="0.000" classname="CardholderMavenProject.Cardholder">
    <skipped/>
  </testcase> <!-- Profile -->
  <testcase name="Statement" time="0.001" classname="CardholderMavenProject.Cardholder">
    <skipped/>
  </testcase> <!-- Statement -->
  <testcase name="Suspend" time="0.001" classname="CardholderMavenProject.Cardholder">
    <skipped/>
  </testcase> <!-- Suspend -->
  <testcase name="Unload" time="148.954" classname="CardholderMavenProject.Cardholder"/>
  <testcase name="ViewImage" time="0.001" classname="CardholderMavenProject.Cardholder">
    <skipped/>
  </testcase> <!-- ViewImage -->
</testsuite> <!-- CardholderMavenProject.Cardholder -->
